<?xml version="1.0" encoding="UTF-8"?>
<!-- Generated by org.testng.reporters.JUnitReportReporter -->
<testsuite hostname="dontha-pc" failures="0" tests="4" name="com.MavenPrac.maven.Test1" time="0.033" errors="0" timestamp="04 Oct 2018 14:09:19 GMT" skipped="0">
  <testcase classname="com.MavenPrac.maven.Test1" name="sub" time="0.004"/>
  <testcase classname="com.MavenPrac.maven.Test1" name="div" time="0.024"/>
  <testcase classname="com.MavenPrac.maven.Test1" name="sum" time="0.002"/>
  <testcase classname="com.MavenPrac.maven.Test1" name="mul" time="0.003"/>
</testsuite> <!-- com.MavenPrac.maven.Test1 -->
