<?xml version="1.0" encoding="UTF-8"?>
<!-- Generated by org.testng.reporters.JUnitReportReporter -->
<testsuite hostname="dontha-pc" failures="0" tests="4" name="com.MavenPrac.maven.Test2" time="0.001" errors="0" timestamp="06 Oct 2018 14:52:33 GMT" skipped="0">
  <testcase classname="com.MavenPrac.maven.Test2" name="sub2" time="0.000"/>
  <testcase classname="com.MavenPrac.maven.Test2" name="div2" time="0.000"/>
  <testcase classname="com.MavenPrac.maven.Test2" name="mul2" time="0.000"/>
  <testcase classname="com.MavenPrac.maven.Test2" name="sum2" time="0.001"/>
</testsuite> <!-- com.MavenPrac.maven.Test2 -->
