<?xml version="1.0" encoding="UTF-8"?>
<!-- Generated by org.testng.reporters.JUnitReportReporter -->
<testsuite hostname="dontha-pc" failures="0" tests="4" name="com.MavenPrac.maven.Test1" time="0.015" errors="0" timestamp="06 Oct 2018 14:52:33 GMT" skipped="0">
  <testcase classname="com.MavenPrac.maven.Test1" name="div" time="0.013"/>
  <testcase classname="com.MavenPrac.maven.Test1" name="sub" time="0.001"/>
  <testcase classname="com.MavenPrac.maven.Test1" name="mul" time="0.001"/>
  <testcase classname="com.MavenPrac.maven.Test1" name="sum" time="0.000"/>
</testsuite> <!-- com.MavenPrac.maven.Test1 -->
